<?xml version="1.0" encoding="UTF-8"?>
<!-- Generated by org.testng.reporters.JUnitXMLReporter -->
<testsuite hostname="LAPTOP-FT1A29EQ" ignored="0" name="Default test" tests="6" failures="0" timestamp="20 Jun 2021 20:16:42 GMT" time="67.401" errors="0">
  <testcase name="verifyContactsPageLabel" time="0.265" classname="com.POM.MyProject_POM.ContactsPageTest"/>
  <testcase name="selectSingleContactsTest" time="0.498" classname="com.POM.MyProject_POM.ContactsPageTest"/>
  <testcase name="selectMultipleContactsTest" time="1.705" classname="com.POM.MyProject_POM.ContactsPageTest"/>
  <testcase name="validateCreateNewContact" time="2.063" classname="com.POM.MyProject_POM.ContactsPageTest"/>
  <testcase name="validateCreateNewContact" time="2.09" classname="com.POM.MyProject_POM.ContactsPageTest"/>
  <testcase name="validateCreateNewContact" time="2.418" classname="com.POM.MyProject_POM.ContactsPageTest"/>
</testsuite> <!-- Default test -->
