<?xml version="1.0" encoding="UTF-8"?>
<testng-results skipped="0" failed="0" ignored="0" total="6" passed="6">
  <reporter-output>
  </reporter-output>
  <suite name="Default suite" duration-ms="67401" started-at="2021-06-20T20:15:34Z" finished-at="2021-06-20T20:16:42Z">
    <groups>
    </groups>
    <test name="Default test" duration-ms="67401" started-at="2021-06-20T20:15:34Z" finished-at="2021-06-20T20:16:42Z">
      <class name="com.POM.MyProject_POM.ContactsPageTest">
        <test-method status="PASS" signature="setUp()[pri:0, instance:com.POM.MyProject_POM.ContactsPageTest@3bfdc050]" name="setUp" is-config="true" duration-ms="7934" started-at="2021-06-20T16:15:34Z" finished-at="2021-06-20T16:15:42Z">
          <reporter-output>
          </reporter-output>
        </test-method> <!-- setUp -->
        <test-method status="PASS" signature="verifyContactsPageLabel()[pri:1, instance:com.POM.MyProject_POM.ContactsPageTest@3bfdc050]" name="verifyContactsPageLabel" duration-ms="265" started-at="2021-06-20T16:15:42Z" finished-at="2021-06-20T16:15:43Z">
          <reporter-output>
          </reporter-output>
        </test-method> <!-- verifyContactsPageLabel -->
        <test-method status="PASS" signature="tearDown()[pri:0, instance:com.POM.MyProject_POM.ContactsPageTest@3bfdc050]" name="tearDown" is-config="true" duration-ms="940" started-at="2021-06-20T16:15:43Z" finished-at="2021-06-20T16:15:44Z">
          <reporter-output>
          </reporter-output>
        </test-method> <!-- tearDown -->
        <test-method status="PASS" signature="setUp()[pri:0, instance:com.POM.MyProject_POM.ContactsPageTest@3bfdc050]" name="setUp" is-config="true" duration-ms="8857" started-at="2021-06-20T16:15:44Z" finished-at="2021-06-20T16:15:52Z">
          <reporter-output>
          </reporter-output>
        </test-method> <!-- setUp -->
        <test-method status="PASS" signature="selectSingleContactsTest()[pri:2, instance:com.POM.MyProject_POM.ContactsPageTest@3bfdc050]" name="selectSingleContactsTest" duration-ms="498" started-at="2021-06-20T16:15:52Z" finished-at="2021-06-20T16:15:53Z">
          <reporter-output>
          </reporter-output>
        </test-method> <!-- selectSingleContactsTest -->
        <test-method status="PASS" signature="tearDown()[pri:0, instance:com.POM.MyProject_POM.ContactsPageTest@3bfdc050]" name="tearDown" is-config="true" duration-ms="1016" started-at="2021-06-20T16:15:53Z" finished-at="2021-06-20T16:15:54Z">
          <reporter-output>
          </reporter-output>
        </test-method> <!-- tearDown -->
        <test-method status="PASS" signature="setUp()[pri:0, instance:com.POM.MyProject_POM.ContactsPageTest@3bfdc050]" name="setUp" is-config="true" duration-ms="8338" started-at="2021-06-20T16:15:54Z" finished-at="2021-06-20T16:16:02Z">
          <reporter-output>
          </reporter-output>
        </test-method> <!-- setUp -->
        <test-method status="PASS" signature="selectMultipleContactsTest()[pri:3, instance:com.POM.MyProject_POM.ContactsPageTest@3bfdc050]" name="selectMultipleContactsTest" duration-ms="1705" started-at="2021-06-20T16:16:02Z" finished-at="2021-06-20T16:16:04Z">
          <reporter-output>
          </reporter-output>
        </test-method> <!-- selectMultipleContactsTest -->
        <test-method status="PASS" signature="tearDown()[pri:0, instance:com.POM.MyProject_POM.ContactsPageTest@3bfdc050]" name="tearDown" is-config="true" duration-ms="871" started-at="2021-06-20T16:16:04Z" finished-at="2021-06-20T16:16:05Z">
          <reporter-output>
          </reporter-output>
        </test-method> <!-- tearDown -->
        <test-method status="PASS" signature="setUp()[pri:0, instance:com.POM.MyProject_POM.ContactsPageTest@3bfdc050]" name="setUp" is-config="true" duration-ms="8684" started-at="2021-06-20T16:16:06Z" finished-at="2021-06-20T16:16:14Z">
          <reporter-output>
          </reporter-output>
        </test-method> <!-- setUp -->
        <test-method status="PASS" signature="validateCreateNewContact(java.lang.String, java.lang.String, java.lang.String)[pri:4, instance:com.POM.MyProject_POM.ContactsPageTest@3bfdc050]" name="validateCreateNewContact" duration-ms="2063" started-at="2021-06-20T16:16:14Z" data-provider="getCRMTestData" finished-at="2021-06-20T16:16:16Z">
          <params>
            <param index="0">
              <value>
                <![CDATA[Tom]]>
              </value>
            </param>
            <param index="1">
              <value>
                <![CDATA[Peter]]>
              </value>
            </param>
            <param index="2">
              <value>
                <![CDATA[Google]]>
              </value>
            </param>
          </params>
          <reporter-output>
          </reporter-output>
        </test-method> <!-- validateCreateNewContact -->
        <test-method status="PASS" signature="tearDown()[pri:0, instance:com.POM.MyProject_POM.ContactsPageTest@3bfdc050]" name="tearDown" is-config="true" duration-ms="890" started-at="2021-06-20T16:16:16Z" finished-at="2021-06-20T16:16:17Z">
          <reporter-output>
          </reporter-output>
        </test-method> <!-- tearDown -->
        <test-method status="PASS" signature="setUp()[pri:0, instance:com.POM.MyProject_POM.ContactsPageTest@3bfdc050]" name="setUp" is-config="true" duration-ms="9219" started-at="2021-06-20T16:16:17Z" finished-at="2021-06-20T16:16:26Z">
          <reporter-output>
          </reporter-output>
        </test-method> <!-- setUp -->
        <test-method status="PASS" signature="validateCreateNewContact(java.lang.String, java.lang.String, java.lang.String)[pri:4, instance:com.POM.MyProject_POM.ContactsPageTest@3bfdc050]" name="validateCreateNewContact" duration-ms="2090" started-at="2021-06-20T16:16:26Z" data-provider="getCRMTestData" finished-at="2021-06-20T16:16:28Z">
          <params>
            <param index="0">
              <value>
                <![CDATA[David]]>
              </value>
            </param>
            <param index="1">
              <value>
                <![CDATA[Cris]]>
              </value>
            </param>
            <param index="2">
              <value>
                <![CDATA[Amazon]]>
              </value>
            </param>
          </params>
          <reporter-output>
          </reporter-output>
        </test-method> <!-- validateCreateNewContact -->
        <test-method status="PASS" signature="tearDown()[pri:0, instance:com.POM.MyProject_POM.ContactsPageTest@3bfdc050]" name="tearDown" is-config="true" duration-ms="947" started-at="2021-06-20T16:16:28Z" finished-at="2021-06-20T16:16:29Z">
          <reporter-output>
          </reporter-output>
        </test-method> <!-- tearDown -->
        <test-method status="PASS" signature="setUp()[pri:0, instance:com.POM.MyProject_POM.ContactsPageTest@3bfdc050]" name="setUp" is-config="true" duration-ms="9117" started-at="2021-06-20T16:16:29Z" finished-at="2021-06-20T16:16:39Z">
          <reporter-output>
          </reporter-output>
        </test-method> <!-- setUp -->
        <test-method status="PASS" signature="validateCreateNewContact(java.lang.String, java.lang.String, java.lang.String)[pri:4, instance:com.POM.MyProject_POM.ContactsPageTest@3bfdc050]" name="validateCreateNewContact" duration-ms="2418" started-at="2021-06-20T16:16:39Z" data-provider="getCRMTestData" finished-at="2021-06-20T16:16:41Z">
          <params>
            <param index="0">
              <value>
                <![CDATA[Mukta]]>
              </value>
            </param>
            <param index="1">
              <value>
                <![CDATA[Sharma]]>
              </value>
            </param>
            <param index="2">
              <value>
                <![CDATA[Ebay]]>
              </value>
            </param>
          </params>
          <reporter-output>
          </reporter-output>
        </test-method> <!-- validateCreateNewContact -->
        <test-method status="PASS" signature="tearDown()[pri:0, instance:com.POM.MyProject_POM.ContactsPageTest@3bfdc050]" name="tearDown" is-config="true" duration-ms="896" started-at="2021-06-20T16:16:41Z" finished-at="2021-06-20T16:16:42Z">
          <reporter-output>
          </reporter-output>
        </test-method> <!-- tearDown -->
      </class> <!-- com.POM.MyProject_POM.ContactsPageTest -->
    </test> <!-- Default test -->
  </suite> <!-- Default suite -->
</testng-results>
